{"C:\\Users\\Logan\\Desktop\\Dev-Web-2022-mathieu\\Dev-Web-2022-mathieu\\backend\\controllers\\a.js": {"path":"C:\\Users\\Logan\\Desktop\\Dev-Web-2022-mathieu\\Dev-Web-2022-mathieu\\backend\\controllers\\a.js","statementMap":{"0":{"start":{"line":1,"column":17},"end":{"line":1,"column":30}},"1":{"start":{"line":4,"column":0},"end":{"line":6,"column":1}}},"fnMap":{},"branchMap":{},"s":{"0":1,"1":1},"f":{},"b":{},"_coverageSchema":"1a1c01bbd47fc00a2c39e90264f33305004495a9","hash":"aa4dfb04cb922034401f9db8266436e63eb54512"}
}
